(0.000) SELECT @@SQL_AUTO_IS_NULL; args=None
(0.012) SELECT VERSION(); args=None
(0.000) SELECT @@SQL_AUTO_IS_NULL; args=None
(0.000) SELECT VERSION(); args=None
(0.000) SELECT @@SQL_AUTO_IS_NULL; args=None
(0.000) SELECT VERSION(); args=None
(0.000) SELECT @@SQL_AUTO_IS_NULL; args=None
(0.000) SELECT VERSION(); args=None
(0.000) SELECT @@SQL_AUTO_IS_NULL; args=None
(0.000) SELECT VERSION(); args=None
(0.000) SELECT @@SQL_AUTO_IS_NULL; args=None
(0.000) SELECT VERSION(); args=None
(0.000) SELECT @@SQL_AUTO_IS_NULL; args=None
(0.000) SELECT VERSION(); args=None
(0.000) SELECT @@SQL_AUTO_IS_NULL; args=None
(0.000) SELECT VERSION(); args=None
(0.000) SELECT @@SQL_AUTO_IS_NULL; args=None
(0.000) SELECT VERSION(); args=None
(0.000) SELECT @@SQL_AUTO_IS_NULL; args=None
(0.000) SELECT VERSION(); args=None
(0.000) SELECT @@SQL_AUTO_IS_NULL; args=None
(0.000) SELECT VERSION(); args=None
(0.000) SET SQL_AUTO_IS_NULL = 0; args=None
(0.000) SET SQL_AUTO_IS_NULL = 0; args=None
(0.045) SHOW FULL TABLES; args=None
(0.002) SELECT `django_migrations`.`app`, `django_migrations`.`name` FROM `django_migrations`; args=()
(0.000) SET SQL_AUTO_IS_NULL = 0; args=None
(0.000) SET SQL_AUTO_IS_NULL = 0; args=None
(0.038) SHOW FULL TABLES; args=None
(0.001) SELECT `django_migrations`.`app`, `django_migrations`.`name` FROM `django_migrations`; args=()
(0.000) SET SQL_AUTO_IS_NULL = 0; args=None
(0.000) SET SQL_AUTO_IS_NULL = 0; args=None
(0.038) SHOW FULL TABLES; args=None
(0.043) SELECT `django_migrations`.`app`, `django_migrations`.`name` FROM `django_migrations`; args=()
(0.000) SET SQL_AUTO_IS_NULL = 0; args=None
(0.000) SET SQL_AUTO_IS_NULL = 0; args=None
(0.003) SHOW FULL TABLES; args=None
(0.001) SELECT `django_migrations`.`app`, `django_migrations`.`name` FROM `django_migrations`; args=()
(0.000) SET SQL_AUTO_IS_NULL = 0; args=None
(0.000) SET SQL_AUTO_IS_NULL = 0; args=None
(0.003) SHOW FULL TABLES; args=None
(0.002) SELECT `django_migrations`.`app`, `django_migrations`.`name` FROM `django_migrations`; args=()
CREATE TABLE `account_emailaddress` (`id` integer AUTO_INCREMENT NOT NULL PRIMARY KEY, `email` varchar(75) NOT NULL UNIQUE, `verified` bool NOT NULL, `primary` bool NOT NULL, `user_id` integer NOT NULL); (params None)
(0.030) CREATE TABLE `account_emailaddress` (`id` integer AUTO_INCREMENT NOT NULL PRIMARY KEY, `email` varchar(75) NOT NULL UNIQUE, `verified` bool NOT NULL, `primary` bool NOT NULL, `user_id` integer NOT NULL); args=None
(0.042) SELECT engine FROM information_schema.tables WHERE table_name = 'account_emailaddress'; args=['account_emailaddress']
CREATE TABLE `account_emailconfirmation` (`id` integer AUTO_INCREMENT NOT NULL PRIMARY KEY, `created` datetime(6) NOT NULL, `sent` datetime(6) NULL, `key` varchar(64) NOT NULL UNIQUE, `email_address_id` integer NOT NULL); (params None)
(0.027) CREATE TABLE `account_emailconfirmation` (`id` integer AUTO_INCREMENT NOT NULL PRIMARY KEY, `created` datetime(6) NOT NULL, `sent` datetime(6) NULL, `key` varchar(64) NOT NULL UNIQUE, `email_address_id` integer NOT NULL); args=None
(0.006) SELECT engine FROM information_schema.tables WHERE table_name = 'account_emailconfirmation'; args=['account_emailconfirmation']
ALTER TABLE `account_emailaddress` ADD CONSTRAINT `account_emailaddr_user_id_2c513194_fk_default_usuario_id_usuario` FOREIGN KEY (`user_id`) REFERENCES `default_usuario` (`id_usuario`); (params [])
(0.030) ALTER TABLE `account_emailaddress` ADD CONSTRAINT `account_emailaddr_user_id_2c513194_fk_default_usuario_id_usuario` FOREIGN KEY (`user_id`) REFERENCES `default_usuario` (`id_usuario`); args=[]
ALTER TABLE `account_emailconfirmation` ADD CONSTRAINT `account_ema_email_address_id_5b7f8c58_fk_account_emailaddress_id` FOREIGN KEY (`email_address_id`) REFERENCES `account_emailaddress` (`id`); (params [])
(0.016) ALTER TABLE `account_emailconfirmation` ADD CONSTRAINT `account_ema_email_address_id_5b7f8c58_fk_account_emailaddress_id` FOREIGN KEY (`email_address_id`) REFERENCES `account_emailaddress` (`id`); args=[]
(0.003) SHOW FULL TABLES; args=None
(0.001) INSERT INTO `django_migrations` (`app`, `name`, `applied`) VALUES ('account', '0001_initial', '2016-10-28 20:26:25.002333'); args=['account', '0001_initial', '2016-10-28 20:26:25.002333']
ALTER TABLE `account_emailaddress` MODIFY `email` varchar(254) NOT NULL; (params [])
(0.013) ALTER TABLE `account_emailaddress` MODIFY `email` varchar(254) NOT NULL; args=[]
(0.002) SHOW FULL TABLES; args=None
(0.000) INSERT INTO `django_migrations` (`app`, `name`, `applied`) VALUES ('account', '0002_email_max_length', '2016-10-28 20:26:25.050513'); args=['account', '0002_email_max_length', '2016-10-28 20:26:25.050513']
(0.004) 
            SELECT kc.`constraint_name`, kc.`column_name`,
                kc.`referenced_table_name`, kc.`referenced_column_name`
            FROM information_schema.key_column_usage AS kc
            WHERE
                kc.table_schema = 'framework' AND
                kc.table_name = 'default_empresa'
        ; args=['framework', 'default_empresa']
(0.001) 
            SELECT c.constraint_name, c.constraint_type
            FROM information_schema.table_constraints AS c
            WHERE
                c.table_schema = 'framework' AND
                c.table_name = 'default_empresa'
        ; args=['framework', 'default_empresa']
(0.000) SHOW INDEX FROM `default_empresa`; args=None
ALTER TABLE `default_empresa` DROP FOREIGN KEY `default__id_endereco_id_dc9a6a4a_fk_default_endereco_id_endereco`; (params [])
(0.011) ALTER TABLE `default_empresa` DROP FOREIGN KEY `default__id_endereco_id_dc9a6a4a_fk_default_endereco_id_endereco`; args=[]
ALTER TABLE `default_empresa` ADD CONSTRAINT `default__id_endereco_id_dc9a6a4a_fk_default_endereco_id_endereco` FOREIGN KEY (`id_endereco_id`) REFERENCES `default_endereco` (`id_endereco`); (params [])
(0.021) ALTER TABLE `default_empresa` ADD CONSTRAINT `default__id_endereco_id_dc9a6a4a_fk_default_endereco_id_endereco` FOREIGN KEY (`id_endereco_id`) REFERENCES `default_endereco` (`id_endereco`); args=[]
(0.002) SHOW FULL TABLES; args=None
(0.000) INSERT INTO `django_migrations` (`app`, `name`, `applied`) VALUES ('default', '0002_auto_20160922_1536', '2016-10-28 20:26:25.493074'); args=['default', '0002_auto_20160922_1536', '2016-10-28 20:26:25.493074']
(0.001) 
            SELECT kc.`constraint_name`, kc.`column_name`,
                kc.`referenced_table_name`, kc.`referenced_column_name`
            FROM information_schema.key_column_usage AS kc
            WHERE
                kc.table_schema = 'framework' AND
                kc.table_name = 'default_empresa'
        ; args=['framework', 'default_empresa']
(0.000) 
            SELECT c.constraint_name, c.constraint_type
            FROM information_schema.table_constraints AS c
            WHERE
                c.table_schema = 'framework' AND
                c.table_name = 'default_empresa'
        ; args=['framework', 'default_empresa']
(0.000) SHOW INDEX FROM `default_empresa`; args=None
ALTER TABLE `default_empresa` DROP FOREIGN KEY `default__id_endereco_id_dc9a6a4a_fk_default_endereco_id_endereco`; (params [])
(0.005) ALTER TABLE `default_empresa` DROP FOREIGN KEY `default__id_endereco_id_dc9a6a4a_fk_default_endereco_id_endereco`; args=[]
ALTER TABLE `default_empresa` ADD CONSTRAINT `default__id_endereco_id_dc9a6a4a_fk_default_endereco_id_endereco` FOREIGN KEY (`id_endereco_id`) REFERENCES `default_endereco` (`id_endereco`); (params [])
(0.016) ALTER TABLE `default_empresa` ADD CONSTRAINT `default__id_endereco_id_dc9a6a4a_fk_default_endereco_id_endereco` FOREIGN KEY (`id_endereco_id`) REFERENCES `default_endereco` (`id_endereco`); args=[]
(0.002) 
            SELECT kc.`constraint_name`, kc.`column_name`,
                kc.`referenced_table_name`, kc.`referenced_column_name`
            FROM information_schema.key_column_usage AS kc
            WHERE
                kc.table_schema = 'framework' AND
                kc.table_name = 'default_usuario'
        ; args=['framework', 'default_usuario']
(0.000) 
            SELECT c.constraint_name, c.constraint_type
            FROM information_schema.table_constraints AS c
            WHERE
                c.table_schema = 'framework' AND
                c.table_name = 'default_usuario'
        ; args=['framework', 'default_usuario']
(0.000) SHOW INDEX FROM `default_usuario`; args=None
ALTER TABLE `default_usuario` DROP FOREIGN KEY `default__id_endereco_id_f2655603_fk_default_endereco_id_endereco`; (params [])
(0.007) ALTER TABLE `default_usuario` DROP FOREIGN KEY `default__id_endereco_id_f2655603_fk_default_endereco_id_endereco`; args=[]
ALTER TABLE `default_usuario` ADD CONSTRAINT `default__id_endereco_id_f2655603_fk_default_endereco_id_endereco` FOREIGN KEY (`id_endereco_id`) REFERENCES `default_endereco` (`id_endereco`); (params [])
(0.023) ALTER TABLE `default_usuario` ADD CONSTRAINT `default__id_endereco_id_f2655603_fk_default_endereco_id_endereco` FOREIGN KEY (`id_endereco_id`) REFERENCES `default_endereco` (`id_endereco`); args=[]
(0.002) SHOW FULL TABLES; args=None
(0.000) INSERT INTO `django_migrations` (`app`, `name`, `applied`) VALUES ('default', '0003_auto_20160922_1543', '2016-10-28 20:26:25.623654'); args=['default', '0003_auto_20160922_1543', '2016-10-28 20:26:25.623654']
CREATE TABLE `employee_funcionario` (`id_funcionario` integer AUTO_INCREMENT NOT NULL PRIMARY KEY, `nickname` varchar(20) NULL, `usuario_id` integer NOT NULL UNIQUE); (params None)
(0.007) CREATE TABLE `employee_funcionario` (`id_funcionario` integer AUTO_INCREMENT NOT NULL PRIMARY KEY, `nickname` varchar(20) NULL, `usuario_id` integer NOT NULL UNIQUE); args=None
(0.009) SELECT engine FROM information_schema.tables WHERE table_name = 'employee_funcionario'; args=['employee_funcionario']
CREATE TABLE `employee_historicalfuncionario` (`id_funcionario` integer NOT NULL, `nickname` varchar(20) NULL, `history_id` integer AUTO_INCREMENT NOT NULL PRIMARY KEY, `history_date` datetime(6) NOT NULL, `history_type` varchar(1) NOT NULL, `history_user_id` integer NULL, `usuario_id` integer NULL); (params None)
(0.006) CREATE TABLE `employee_historicalfuncionario` (`id_funcionario` integer NOT NULL, `nickname` varchar(20) NULL, `history_id` integer AUTO_INCREMENT NOT NULL PRIMARY KEY, `history_date` datetime(6) NOT NULL, `history_type` varchar(1) NOT NULL, `history_user_id` integer NULL, `usuario_id` integer NULL); args=None
(0.004) SELECT engine FROM information_schema.tables WHERE table_name = 'employee_historicalfuncionario'; args=['employee_historicalfuncionario']
ALTER TABLE `employee_funcionario` ADD CONSTRAINT `employee_funci_usuario_id_32a8a8f4_fk_default_usuario_id_usuario` FOREIGN KEY (`usuario_id`) REFERENCES `default_usuario` (`id_usuario`); (params [])
(0.013) ALTER TABLE `employee_funcionario` ADD CONSTRAINT `employee_funci_usuario_id_32a8a8f4_fk_default_usuario_id_usuario` FOREIGN KEY (`usuario_id`) REFERENCES `default_usuario` (`id_usuario`); args=[]
ALTER TABLE `employee_historicalfuncionario` ADD CONSTRAINT `employee__history_user_id_4dfecf08_fk_default_usuario_id_usuario` FOREIGN KEY (`history_user_id`) REFERENCES `default_usuario` (`id_usuario`); (params [])
(0.012) ALTER TABLE `employee_historicalfuncionario` ADD CONSTRAINT `employee__history_user_id_4dfecf08_fk_default_usuario_id_usuario` FOREIGN KEY (`history_user_id`) REFERENCES `default_usuario` (`id_usuario`); args=[]
CREATE INDEX `employee_historicalfuncionario_11ec2e05` ON `employee_historicalfuncionario` (`id_funcionario`); (params [])
(0.013) CREATE INDEX `employee_historicalfuncionario_11ec2e05` ON `employee_historicalfuncionario` (`id_funcionario`); args=[]
(0.002) SHOW FULL TABLES; args=None
(0.000) INSERT INTO `django_migrations` (`app`, `name`, `applied`) VALUES ('employee', '0001_initial', '2016-10-28 20:26:25.757137'); args=['employee', '0001_initial', '2016-10-28 20:26:25.757137']
CREATE TABLE `frontend_module` (`id` integer AUTO_INCREMENT NOT NULL PRIMARY KEY, `label` varchar(50) NOT NULL, `installed` bool NOT NULL); (params None)
(0.006) CREATE TABLE `frontend_module` (`id` integer AUTO_INCREMENT NOT NULL PRIMARY KEY, `label` varchar(50) NOT NULL, `installed` bool NOT NULL); args=None
(0.005) SELECT engine FROM information_schema.tables WHERE table_name = 'frontend_module'; args=['frontend_module']
CREATE INDEX `frontend_module_d304ba20` ON `frontend_module` (`label`); (params [])
(0.007) CREATE INDEX `frontend_module_d304ba20` ON `frontend_module` (`label`); args=[]
(0.002) SHOW FULL TABLES; args=None
(0.000) INSERT INTO `django_migrations` (`app`, `name`, `applied`) VALUES ('frontend', '0001_initial', '2016-10-28 20:26:25.784579'); args=['frontend', '0001_initial', '2016-10-28 20:26:25.784579']
CREATE TABLE `django_site` (`id` integer AUTO_INCREMENT NOT NULL PRIMARY KEY, `domain` varchar(100) NOT NULL, `name` varchar(50) NOT NULL); (params None)
(0.006) CREATE TABLE `django_site` (`id` integer AUTO_INCREMENT NOT NULL PRIMARY KEY, `domain` varchar(100) NOT NULL, `name` varchar(50) NOT NULL); args=None
(0.006) SELECT engine FROM information_schema.tables WHERE table_name = 'django_site'; args=['django_site']
(0.002) SHOW FULL TABLES; args=None
(0.000) INSERT INTO `django_migrations` (`app`, `name`, `applied`) VALUES ('sites', '0001_initial', '2016-10-28 20:26:25.810773'); args=['sites', '0001_initial', '2016-10-28 20:26:25.810773']
ALTER TABLE `django_site` ADD CONSTRAINT `django_site_domain_a2e37b91_uniq` UNIQUE (`domain`); (params [])
(0.007) ALTER TABLE `django_site` ADD CONSTRAINT `django_site_domain_a2e37b91_uniq` UNIQUE (`domain`); args=[]
(0.002) SHOW FULL TABLES; args=None
(0.001) INSERT INTO `django_migrations` (`app`, `name`, `applied`) VALUES ('sites', '0002_alter_domain_unique', '2016-10-28 20:26:25.827322'); args=['sites', '0002_alter_domain_unique', '2016-10-28 20:26:25.827322']
CREATE TABLE `socialaccount_socialaccount` (`id` integer AUTO_INCREMENT NOT NULL PRIMARY KEY, `provider` varchar(30) NOT NULL, `uid` varchar(255) NOT NULL, `last_login` datetime(6) NOT NULL, `date_joined` datetime(6) NOT NULL, `extra_data` longtext NOT NULL, `user_id` integer NOT NULL); (params None)
(0.007) CREATE TABLE `socialaccount_socialaccount` (`id` integer AUTO_INCREMENT NOT NULL PRIMARY KEY, `provider` varchar(30) NOT NULL, `uid` varchar(255) NOT NULL, `last_login` datetime(6) NOT NULL, `date_joined` datetime(6) NOT NULL, `extra_data` longtext NOT NULL, `user_id` integer NOT NULL); args=None
(0.009) SELECT engine FROM information_schema.tables WHERE table_name = 'socialaccount_socialaccount'; args=['socialaccount_socialaccount']
CREATE TABLE `socialaccount_socialapp` (`id` integer AUTO_INCREMENT NOT NULL PRIMARY KEY, `provider` varchar(30) NOT NULL, `name` varchar(40) NOT NULL, `client_id` varchar(100) NOT NULL, `secret` varchar(100) NOT NULL, `key` varchar(100) NOT NULL); (params None)
(0.006) CREATE TABLE `socialaccount_socialapp` (`id` integer AUTO_INCREMENT NOT NULL PRIMARY KEY, `provider` varchar(30) NOT NULL, `name` varchar(40) NOT NULL, `client_id` varchar(100) NOT NULL, `secret` varchar(100) NOT NULL, `key` varchar(100) NOT NULL); args=None
(0.005) SELECT engine FROM information_schema.tables WHERE table_name = 'socialaccount_socialapp'; args=['socialaccount_socialapp']
CREATE TABLE `socialaccount_socialapp_sites` (`id` integer AUTO_INCREMENT NOT NULL PRIMARY KEY, `socialapp_id` integer NOT NULL, `site_id` integer NOT NULL); (params None)
(0.008) CREATE TABLE `socialaccount_socialapp_sites` (`id` integer AUTO_INCREMENT NOT NULL PRIMARY KEY, `socialapp_id` integer NOT NULL, `site_id` integer NOT NULL); args=None
(0.008) SELECT engine FROM information_schema.tables WHERE table_name = 'socialaccount_socialapp_sites'; args=['socialaccount_socialapp_sites']
CREATE TABLE `socialaccount_socialtoken` (`id` integer AUTO_INCREMENT NOT NULL PRIMARY KEY, `token` longtext NOT NULL, `token_secret` longtext NOT NULL, `expires_at` datetime(6) NULL, `account_id` integer NOT NULL, `app_id` integer NOT NULL); (params None)
(0.007) CREATE TABLE `socialaccount_socialtoken` (`id` integer AUTO_INCREMENT NOT NULL PRIMARY KEY, `token` longtext NOT NULL, `token_secret` longtext NOT NULL, `expires_at` datetime(6) NULL, `account_id` integer NOT NULL, `app_id` integer NOT NULL); args=None
(0.006) SELECT engine FROM information_schema.tables WHERE table_name = 'socialaccount_socialtoken'; args=['socialaccount_socialtoken']
ALTER TABLE `socialaccount_socialtoken` ADD CONSTRAINT `socialaccount_socialtoken_app_id_fca4e0ac_uniq` UNIQUE (`app_id`, `account_id`); (params [])
(0.006) ALTER TABLE `socialaccount_socialtoken` ADD CONSTRAINT `socialaccount_socialtoken_app_id_fca4e0ac_uniq` UNIQUE (`app_id`, `account_id`); args=[]
ALTER TABLE `socialaccount_socialaccount` ADD CONSTRAINT `socialaccount_socialaccount_provider_fc810c6e_uniq` UNIQUE (`provider`, `uid`); (params [])
(0.008) ALTER TABLE `socialaccount_socialaccount` ADD CONSTRAINT `socialaccount_socialaccount_provider_fc810c6e_uniq` UNIQUE (`provider`, `uid`); args=[]
ALTER TABLE `socialaccount_socialaccount` ADD CONSTRAINT `socialaccount_soc_user_id_8146e70c_fk_default_usuario_id_usuario` FOREIGN KEY (`user_id`) REFERENCES `default_usuario` (`id_usuario`); (params [])
(0.016) ALTER TABLE `socialaccount_socialaccount` ADD CONSTRAINT `socialaccount_soc_user_id_8146e70c_fk_default_usuario_id_usuario` FOREIGN KEY (`user_id`) REFERENCES `default_usuario` (`id_usuario`); args=[]
ALTER TABLE `socialaccount_socialapp_sites` ADD CONSTRAINT `socialaccoun_socialapp_id_97fb6e7d_fk_socialaccount_socialapp_id` FOREIGN KEY (`socialapp_id`) REFERENCES `socialaccount_socialapp` (`id`); (params [])
(0.011) ALTER TABLE `socialaccount_socialapp_sites` ADD CONSTRAINT `socialaccoun_socialapp_id_97fb6e7d_fk_socialaccount_socialapp_id` FOREIGN KEY (`socialapp_id`) REFERENCES `socialaccount_socialapp` (`id`); args=[]
ALTER TABLE `socialaccount_socialapp_sites` ADD CONSTRAINT `socialaccount_socialapp_sites_site_id_2579dee5_fk_django_site_id` FOREIGN KEY (`site_id`) REFERENCES `django_site` (`id`); (params [])
(0.012) ALTER TABLE `socialaccount_socialapp_sites` ADD CONSTRAINT `socialaccount_socialapp_sites_site_id_2579dee5_fk_django_site_id` FOREIGN KEY (`site_id`) REFERENCES `django_site` (`id`); args=[]
ALTER TABLE `socialaccount_socialapp_sites` ADD CONSTRAINT `socialaccount_socialapp_sites_socialapp_id_71a9a768_uniq` UNIQUE (`socialapp_id`, `site_id`); (params [])
(0.007) ALTER TABLE `socialaccount_socialapp_sites` ADD CONSTRAINT `socialaccount_socialapp_sites_socialapp_id_71a9a768_uniq` UNIQUE (`socialapp_id`, `site_id`); args=[]
ALTER TABLE `socialaccount_socialtoken` ADD CONSTRAINT `socialacco_account_id_951f210e_fk_socialaccount_socialaccount_id` FOREIGN KEY (`account_id`) REFERENCES `socialaccount_socialaccount` (`id`); (params [])
(0.016) ALTER TABLE `socialaccount_socialtoken` ADD CONSTRAINT `socialacco_account_id_951f210e_fk_socialaccount_socialaccount_id` FOREIGN KEY (`account_id`) REFERENCES `socialaccount_socialaccount` (`id`); args=[]
ALTER TABLE `socialaccount_socialtoken` ADD CONSTRAINT `socialaccount_soci_app_id_636a42d7_fk_socialaccount_socialapp_id` FOREIGN KEY (`app_id`) REFERENCES `socialaccount_socialapp` (`id`); (params [])
(0.013) ALTER TABLE `socialaccount_socialtoken` ADD CONSTRAINT `socialaccount_soci_app_id_636a42d7_fk_socialaccount_socialapp_id` FOREIGN KEY (`app_id`) REFERENCES `socialaccount_socialapp` (`id`); args=[]
(0.003) SHOW FULL TABLES; args=None
(0.000) INSERT INTO `django_migrations` (`app`, `name`, `applied`) VALUES ('socialaccount', '0001_initial', '2016-10-28 20:26:26.200732'); args=['socialaccount', '0001_initial', '2016-10-28 20:26:26.200732']
ALTER TABLE `socialaccount_socialaccount` MODIFY `uid` varchar(191) NOT NULL; (params [])
(0.013) ALTER TABLE `socialaccount_socialaccount` MODIFY `uid` varchar(191) NOT NULL; args=[]
ALTER TABLE `socialaccount_socialapp` MODIFY `client_id` varchar(191) NOT NULL; (params [])
(0.005) ALTER TABLE `socialaccount_socialapp` MODIFY `client_id` varchar(191) NOT NULL; args=[]
ALTER TABLE `socialaccount_socialapp` MODIFY `key` varchar(191) NOT NULL; (params [])
(0.011) ALTER TABLE `socialaccount_socialapp` MODIFY `key` varchar(191) NOT NULL; args=[]
ALTER TABLE `socialaccount_socialapp` MODIFY `secret` varchar(191) NOT NULL; (params [])
(0.005) ALTER TABLE `socialaccount_socialapp` MODIFY `secret` varchar(191) NOT NULL; args=[]
(0.002) SHOW FULL TABLES; args=None
(0.000) INSERT INTO `django_migrations` (`app`, `name`, `applied`) VALUES ('socialaccount', '0002_token_max_lengths', '2016-10-28 20:26:26.405826'); args=['socialaccount', '0002_token_max_lengths', '2016-10-28 20:26:26.405826']
(0.004) SHOW FULL TABLES; args=None
(0.000) INSERT INTO `django_migrations` (`app`, `name`, `applied`) VALUES ('socialaccount', '0003_extra_data_default_dict', '2016-10-28 20:26:26.462460'); args=['socialaccount', '0003_extra_data_default_dict', '2016-10-28 20:26:26.462460']
CREATE TABLE `startup_historicalstartup` (`id_startup` integer NOT NULL, `representante` varchar(150) NULL, `logo` longtext NULL, `history_id` integer AUTO_INCREMENT NOT NULL PRIMARY KEY, `history_date` datetime(6) NOT NULL, `history_type` varchar(1) NOT NULL, `empresa_id` integer NULL, `history_user_id` integer NULL); (params None)
(0.006) CREATE TABLE `startup_historicalstartup` (`id_startup` integer NOT NULL, `representante` varchar(150) NULL, `logo` longtext NULL, `history_id` integer AUTO_INCREMENT NOT NULL PRIMARY KEY, `history_date` datetime(6) NOT NULL, `history_type` varchar(1) NOT NULL, `empresa_id` integer NULL, `history_user_id` integer NULL); args=None
(0.007) SELECT engine FROM information_schema.tables WHERE table_name = 'startup_historicalstartup'; args=['startup_historicalstartup']
CREATE TABLE `startup_startup` (`id_startup` integer AUTO_INCREMENT NOT NULL PRIMARY KEY, `representante` varchar(150) NULL, `logo` varchar(100) NULL, `empresa_id` integer NOT NULL UNIQUE); (params None)
(0.007) CREATE TABLE `startup_startup` (`id_startup` integer AUTO_INCREMENT NOT NULL PRIMARY KEY, `representante` varchar(150) NULL, `logo` varchar(100) NULL, `empresa_id` integer NOT NULL UNIQUE); args=None
(0.005) SELECT engine FROM information_schema.tables WHERE table_name = 'startup_startup'; args=['startup_startup']
ALTER TABLE `startup_historicalstartup` ADD CONSTRAINT `startup_h_history_user_id_5352729b_fk_default_usuario_id_usuario` FOREIGN KEY (`history_user_id`) REFERENCES `default_usuario` (`id_usuario`); (params [])
(0.011) ALTER TABLE `startup_historicalstartup` ADD CONSTRAINT `startup_h_history_user_id_5352729b_fk_default_usuario_id_usuario` FOREIGN KEY (`history_user_id`) REFERENCES `default_usuario` (`id_usuario`); args=[]
CREATE INDEX `startup_historicalstartup_17b16e12` ON `startup_historicalstartup` (`id_startup`); (params [])
(0.006) CREATE INDEX `startup_historicalstartup_17b16e12` ON `startup_historicalstartup` (`id_startup`); args=[]
ALTER TABLE `startup_startup` ADD CONSTRAINT `startup_startu_empresa_id_aeb471d0_fk_default_empresa_id_empresa` FOREIGN KEY (`empresa_id`) REFERENCES `default_empresa` (`id_empresa`); (params [])
(0.011) ALTER TABLE `startup_startup` ADD CONSTRAINT `startup_startu_empresa_id_aeb471d0_fk_default_empresa_id_empresa` FOREIGN KEY (`empresa_id`) REFERENCES `default_empresa` (`id_empresa`); args=[]
(0.003) SHOW FULL TABLES; args=None
(0.000) INSERT INTO `django_migrations` (`app`, `name`, `applied`) VALUES ('startup', '0001_initial', '2016-10-28 20:26:26.625175'); args=['startup', '0001_initial', '2016-10-28 20:26:26.625175']
(0.002) SHOW FULL TABLES; args=None
(0.001) SELECT `django_migrations`.`app`, `django_migrations`.`name` FROM `django_migrations`; args=()
(0.000) SELECT `frontend_module`.`id`, `frontend_module`.`label`, `frontend_module`.`installed` FROM `frontend_module` WHERE `frontend_module`.`label` = 'material_admin'; args=('material_admin',)
(0.000) INSERT INTO `frontend_module` (`label`, `installed`) VALUES ('material_admin', 1); args=['material_admin', True]
(0.007) SELECT (1) AS `a` FROM `frontend_module` WHERE NOT (`frontend_module`.`label` IN ('material_admin')) LIMIT 1; args=('material_admin',)
(0.006) SELECT `django_content_type`.`id`, `django_content_type`.`app_label`, `django_content_type`.`model` FROM `django_content_type` WHERE (`django_content_type`.`app_label` = 'frontend' AND `django_content_type`.`model` = 'module'); args=('frontend', 'module')
(0.000) SELECT `django_content_type`.`id`, `django_content_type`.`app_label`, `django_content_type`.`model` FROM `django_content_type` WHERE (`django_content_type`.`app_label` = 'frontend' AND `django_content_type`.`model` = 'module'); args=('frontend', 'module')
(0.000) INSERT INTO `django_content_type` (`app_label`, `model`) VALUES ('frontend', 'module'); args=['frontend', 'module']
(0.001) SELECT `auth_permission`.`content_type_id`, `auth_permission`.`codename` FROM `auth_permission` INNER JOIN `django_content_type` ON (`auth_permission`.`content_type_id` = `django_content_type`.`id`) WHERE `auth_permission`.`content_type_id` IN (54) ORDER BY `django_content_type`.`app_label` ASC, `django_content_type`.`model` ASC, `auth_permission`.`codename` ASC; args=(54,)
(0.000) INSERT INTO `auth_permission` (`name`, `content_type_id`, `codename`) VALUES ('Can add module', 54, 'add_module'), ('Can change module', 54, 'change_module'), ('Can delete module', 54, 'delete_module'); args=('Can add module', 54, 'add_module', 'Can change module', 54, 'change_module', 'Can delete module', 54, 'delete_module')
(0.000) SELECT `django_content_type`.`id`, `django_content_type`.`app_label`, `django_content_type`.`model` FROM `django_content_type` WHERE `django_content_type`.`app_label` = 'frontend'; args=('frontend',)
(0.000) SELECT `django_content_type`.`id`, `django_content_type`.`app_label`, `django_content_type`.`model` FROM `django_content_type` WHERE (`django_content_type`.`app_label` = 'admin' AND `django_content_type`.`model` = 'logentry'); args=('admin', 'logentry')
(0.001) SELECT `auth_permission`.`content_type_id`, `auth_permission`.`codename` FROM `auth_permission` INNER JOIN `django_content_type` ON (`auth_permission`.`content_type_id` = `django_content_type`.`id`) WHERE `auth_permission`.`content_type_id` IN (1) ORDER BY `django_content_type`.`app_label` ASC, `django_content_type`.`model` ASC, `auth_permission`.`codename` ASC; args=(1,)
(0.000) SELECT `django_content_type`.`id`, `django_content_type`.`app_label`, `django_content_type`.`model` FROM `django_content_type` WHERE `django_content_type`.`app_label` = 'admin'; args=('admin',)
(0.000) SELECT `django_content_type`.`id`, `django_content_type`.`app_label`, `django_content_type`.`model` FROM `django_content_type` WHERE (`django_content_type`.`app_label` = 'auth' AND `django_content_type`.`model` = 'permission'); args=('auth', 'permission')
(0.000) SELECT `django_content_type`.`id`, `django_content_type`.`app_label`, `django_content_type`.`model` FROM `django_content_type` WHERE (`django_content_type`.`app_label` = 'auth' AND `django_content_type`.`model` = 'group'); args=('auth', 'group')
(0.013) SELECT `auth_permission`.`content_type_id`, `auth_permission`.`codename` FROM `auth_permission` INNER JOIN `django_content_type` ON (`auth_permission`.`content_type_id` = `django_content_type`.`id`) WHERE `auth_permission`.`content_type_id` IN (2, 3) ORDER BY `django_content_type`.`app_label` ASC, `django_content_type`.`model` ASC, `auth_permission`.`codename` ASC; args=(2, 3)
(0.001) SELECT `django_content_type`.`id`, `django_content_type`.`app_label`, `django_content_type`.`model` FROM `django_content_type` WHERE `django_content_type`.`app_label` = 'auth'; args=('auth',)
(0.001) SELECT `django_content_type`.`id`, `django_content_type`.`app_label`, `django_content_type`.`model` FROM `django_content_type` WHERE (`django_content_type`.`app_label` = 'sites' AND `django_content_type`.`model` = 'site'); args=('sites', 'site')
(0.000) SELECT `django_content_type`.`id`, `django_content_type`.`app_label`, `django_content_type`.`model` FROM `django_content_type` WHERE (`django_content_type`.`app_label` = 'sites' AND `django_content_type`.`model` = 'site'); args=('sites', 'site')
(0.000) INSERT INTO `django_content_type` (`app_label`, `model`) VALUES ('sites', 'site'); args=['sites', 'site']
(0.000) SELECT `auth_permission`.`content_type_id`, `auth_permission`.`codename` FROM `auth_permission` INNER JOIN `django_content_type` ON (`auth_permission`.`content_type_id` = `django_content_type`.`id`) WHERE `auth_permission`.`content_type_id` IN (55) ORDER BY `django_content_type`.`app_label` ASC, `django_content_type`.`model` ASC, `auth_permission`.`codename` ASC; args=(55,)
(0.000) INSERT INTO `auth_permission` (`name`, `content_type_id`, `codename`) VALUES ('Can add site', 55, 'add_site'), ('Can change site', 55, 'change_site'), ('Can delete site', 55, 'delete_site'); args=('Can add site', 55, 'add_site', 'Can change site', 55, 'change_site', 'Can delete site', 55, 'delete_site')
(0.000) SELECT (1) AS `a` FROM `django_site` LIMIT 1; args=()
(0.000) SELECT `django_site`.`id`, `django_site`.`domain`, `django_site`.`name` FROM `django_site` WHERE `django_site`.`id` = 1; args=(1,)
(0.000) UPDATE `django_site` SET `domain` = 'example.com', `name` = 'example.com' WHERE `django_site`.`id` = 1; args=('example.com', 'example.com', 1)
(0.000) INSERT INTO `django_site` (`id`, `domain`, `name`) VALUES (1, 'example.com', 'example.com'); args=(1, 'example.com', 'example.com')
(0.000) SELECT `django_content_type`.`id`, `django_content_type`.`app_label`, `django_content_type`.`model` FROM `django_content_type` WHERE `django_content_type`.`app_label` = 'sites'; args=('sites',)
(0.000) SELECT `django_content_type`.`id`, `django_content_type`.`app_label`, `django_content_type`.`model` FROM `django_content_type` WHERE (`django_content_type`.`app_label` = 'contenttypes' AND `django_content_type`.`model` = 'contenttype'); args=('contenttypes', 'contenttype')
(0.000) SELECT `auth_permission`.`content_type_id`, `auth_permission`.`codename` FROM `auth_permission` INNER JOIN `django_content_type` ON (`auth_permission`.`content_type_id` = `django_content_type`.`id`) WHERE `auth_permission`.`content_type_id` IN (4) ORDER BY `django_content_type`.`app_label` ASC, `django_content_type`.`model` ASC, `auth_permission`.`codename` ASC; args=(4,)
(0.000) SELECT `django_content_type`.`id`, `django_content_type`.`app_label`, `django_content_type`.`model` FROM `django_content_type` WHERE `django_content_type`.`app_label` = 'contenttypes'; args=('contenttypes',)
(0.001) SELECT `django_content_type`.`id`, `django_content_type`.`app_label`, `django_content_type`.`model` FROM `django_content_type` WHERE (`django_content_type`.`app_label` = 'sessions' AND `django_content_type`.`model` = 'session'); args=('sessions', 'session')
(0.000) SELECT `auth_permission`.`content_type_id`, `auth_permission`.`codename` FROM `auth_permission` INNER JOIN `django_content_type` ON (`auth_permission`.`content_type_id` = `django_content_type`.`id`) WHERE `auth_permission`.`content_type_id` IN (5) ORDER BY `django_content_type`.`app_label` ASC, `django_content_type`.`model` ASC, `auth_permission`.`codename` ASC; args=(5,)
(0.000) SELECT `django_content_type`.`id`, `django_content_type`.`app_label`, `django_content_type`.`model` FROM `django_content_type` WHERE `django_content_type`.`app_label` = 'sessions'; args=('sessions',)
(0.000) SELECT `django_content_type`.`id`, `django_content_type`.`app_label`, `django_content_type`.`model` FROM `django_content_type` WHERE (`django_content_type`.`app_label` = 'account' AND `django_content_type`.`model` = 'emailaddress'); args=('account', 'emailaddress')
(0.000) SELECT `django_content_type`.`id`, `django_content_type`.`app_label`, `django_content_type`.`model` FROM `django_content_type` WHERE (`django_content_type`.`app_label` = 'account' AND `django_content_type`.`model` = 'emailaddress'); args=('account', 'emailaddress')
(0.000) INSERT INTO `django_content_type` (`app_label`, `model`) VALUES ('account', 'emailaddress'); args=['account', 'emailaddress']
(0.000) SELECT `django_content_type`.`id`, `django_content_type`.`app_label`, `django_content_type`.`model` FROM `django_content_type` WHERE (`django_content_type`.`app_label` = 'account' AND `django_content_type`.`model` = 'emailconfirmation'); args=('account', 'emailconfirmation')
(0.000) SELECT `django_content_type`.`id`, `django_content_type`.`app_label`, `django_content_type`.`model` FROM `django_content_type` WHERE (`django_content_type`.`app_label` = 'account' AND `django_content_type`.`model` = 'emailconfirmation'); args=('account', 'emailconfirmation')
(0.000) INSERT INTO `django_content_type` (`app_label`, `model`) VALUES ('account', 'emailconfirmation'); args=['account', 'emailconfirmation']
(0.000) SELECT `auth_permission`.`content_type_id`, `auth_permission`.`codename` FROM `auth_permission` INNER JOIN `django_content_type` ON (`auth_permission`.`content_type_id` = `django_content_type`.`id`) WHERE `auth_permission`.`content_type_id` IN (56, 57) ORDER BY `django_content_type`.`app_label` ASC, `django_content_type`.`model` ASC, `auth_permission`.`codename` ASC; args=(56, 57)
(0.000) INSERT INTO `auth_permission` (`name`, `content_type_id`, `codename`) VALUES ('Can add email address', 56, 'add_emailaddress'), ('Can change email address', 56, 'change_emailaddress'), ('Can delete email address', 56, 'delete_emailaddress'), ('Can add email confirmation', 57, 'add_emailconfirmation'), ('Can change email confirmation', 57, 'change_emailconfirmation'), ('Can delete email confirmation', 57, 'delete_emailconfirmation'); args=('Can add email address', 56, 'add_emailaddress', 'Can change email address', 56, 'change_emailaddress', 'Can delete email address', 56, 'delete_emailaddress', 'Can add email confirmation', 57, 'add_emailconfirmation', 'Can change email confirmation', 57, 'change_emailconfirmation', 'Can delete email confirmation', 57, 'delete_emailconfirmation')
(0.000) SELECT `django_content_type`.`id`, `django_content_type`.`app_label`, `django_content_type`.`model` FROM `django_content_type` WHERE `django_content_type`.`app_label` = 'account'; args=('account',)
(0.000) SELECT `django_content_type`.`id`, `django_content_type`.`app_label`, `django_content_type`.`model` FROM `django_content_type` WHERE (`django_content_type`.`app_label` = 'socialaccount' AND `django_content_type`.`model` = 'socialapp'); args=('socialaccount', 'socialapp')
(0.000) SELECT `django_content_type`.`id`, `django_content_type`.`app_label`, `django_content_type`.`model` FROM `django_content_type` WHERE (`django_content_type`.`app_label` = 'socialaccount' AND `django_content_type`.`model` = 'socialapp'); args=('socialaccount', 'socialapp')
(0.000) INSERT INTO `django_content_type` (`app_label`, `model`) VALUES ('socialaccount', 'socialapp'); args=['socialaccount', 'socialapp']
(0.000) SELECT `django_content_type`.`id`, `django_content_type`.`app_label`, `django_content_type`.`model` FROM `django_content_type` WHERE (`django_content_type`.`app_label` = 'socialaccount' AND `django_content_type`.`model` = 'socialaccount'); args=('socialaccount', 'socialaccount')
(0.000) SELECT `django_content_type`.`id`, `django_content_type`.`app_label`, `django_content_type`.`model` FROM `django_content_type` WHERE (`django_content_type`.`app_label` = 'socialaccount' AND `django_content_type`.`model` = 'socialaccount'); args=('socialaccount', 'socialaccount')
(0.000) INSERT INTO `django_content_type` (`app_label`, `model`) VALUES ('socialaccount', 'socialaccount'); args=['socialaccount', 'socialaccount']
(0.000) SELECT `django_content_type`.`id`, `django_content_type`.`app_label`, `django_content_type`.`model` FROM `django_content_type` WHERE (`django_content_type`.`app_label` = 'socialaccount' AND `django_content_type`.`model` = 'socialtoken'); args=('socialaccount', 'socialtoken')
(0.000) SELECT `django_content_type`.`id`, `django_content_type`.`app_label`, `django_content_type`.`model` FROM `django_content_type` WHERE (`django_content_type`.`app_label` = 'socialaccount' AND `django_content_type`.`model` = 'socialtoken'); args=('socialaccount', 'socialtoken')
(0.000) INSERT INTO `django_content_type` (`app_label`, `model`) VALUES ('socialaccount', 'socialtoken'); args=['socialaccount', 'socialtoken']
(0.000) SELECT `auth_permission`.`content_type_id`, `auth_permission`.`codename` FROM `auth_permission` INNER JOIN `django_content_type` ON (`auth_permission`.`content_type_id` = `django_content_type`.`id`) WHERE `auth_permission`.`content_type_id` IN (58, 59, 60) ORDER BY `django_content_type`.`app_label` ASC, `django_content_type`.`model` ASC, `auth_permission`.`codename` ASC; args=(58, 59, 60)
(0.001) INSERT INTO `auth_permission` (`name`, `content_type_id`, `codename`) VALUES ('Can add social application', 58, 'add_socialapp'), ('Can change social application', 58, 'change_socialapp'), ('Can delete social application', 58, 'delete_socialapp'), ('Can add social account', 59, 'add_socialaccount'), ('Can change social account', 59, 'change_socialaccount'), ('Can delete social account', 59, 'delete_socialaccount'), ('Can add social application token', 60, 'add_socialtoken'), ('Can change social application token', 60, 'change_socialtoken'), ('Can delete social application token', 60, 'delete_socialtoken'); args=('Can add social application', 58, 'add_socialapp', 'Can change social application', 58, 'change_socialapp', 'Can delete social application', 58, 'delete_socialapp', 'Can add social account', 59, 'add_socialaccount', 'Can change social account', 59, 'change_socialaccount', 'Can delete social account', 59, 'delete_socialaccount', 'Can add social application token', 60, 'add_socialtoken', 'Can change social application token', 60, 'change_socialtoken', 'Can delete social application token', 60, 'delete_socialtoken')
(0.000) SELECT `django_content_type`.`id`, `django_content_type`.`app_label`, `django_content_type`.`model` FROM `django_content_type` WHERE `django_content_type`.`app_label` = 'socialaccount'; args=('socialaccount',)
(0.000) SELECT `django_content_type`.`id`, `django_content_type`.`app_label`, `django_content_type`.`model` FROM `django_content_type` WHERE (`django_content_type`.`app_label` = 'default' AND `django_content_type`.`model` = 'projeto'); args=('default', 'projeto')
(0.000) SELECT `django_content_type`.`id`, `django_content_type`.`app_label`, `django_content_type`.`model` FROM `django_content_type` WHERE (`django_content_type`.`app_label` = 'default' AND `django_content_type`.`model` = 'genero'); args=('default', 'genero')
(0.001) SELECT `django_content_type`.`id`, `django_content_type`.`app_label`, `django_content_type`.`model` FROM `django_content_type` WHERE (`django_content_type`.`app_label` = 'default' AND `django_content_type`.`model` = 'logradouro'); args=('default', 'logradouro')
(0.000) SELECT `django_content_type`.`id`, `django_content_type`.`app_label`, `django_content_type`.`model` FROM `django_content_type` WHERE (`django_content_type`.`app_label` = 'default' AND `django_content_type`.`model` = 'endereco'); args=('default', 'endereco')
(0.000) SELECT `django_content_type`.`id`, `django_content_type`.`app_label`, `django_content_type`.`model` FROM `django_content_type` WHERE (`django_content_type`.`app_label` = 'default' AND `django_content_type`.`model` = 'tipoempresa'); args=('default', 'tipoempresa')
(0.000) SELECT `django_content_type`.`id`, `django_content_type`.`app_label`, `django_content_type`.`model` FROM `django_content_type` WHERE (`django_content_type`.`app_label` = 'default' AND `django_content_type`.`model` = 'empresa'); args=('default', 'empresa')
(0.000) SELECT `django_content_type`.`id`, `django_content_type`.`app_label`, `django_content_type`.`model` FROM `django_content_type` WHERE (`django_content_type`.`app_label` = 'default' AND `django_content_type`.`model` = 'tipousuario'); args=('default', 'tipousuario')
(0.000) SELECT `django_content_type`.`id`, `django_content_type`.`app_label`, `django_content_type`.`model` FROM `django_content_type` WHERE (`django_content_type`.`app_label` = 'default' AND `django_content_type`.`model` = 'tiporelacao'); args=('default', 'tiporelacao')
(0.000) SELECT `django_content_type`.`id`, `django_content_type`.`app_label`, `django_content_type`.`model` FROM `django_content_type` WHERE (`django_content_type`.`app_label` = 'default' AND `django_content_type`.`model` = 'tiporelacaoempresa'); args=('default', 'tiporelacaoempresa')
(0.000) SELECT `django_content_type`.`id`, `django_content_type`.`app_label`, `django_content_type`.`model` FROM `django_content_type` WHERE (`django_content_type`.`app_label` = 'default' AND `django_content_type`.`model` = 'tipodocumento'); args=('default', 'tipodocumento')
(0.000) SELECT `django_content_type`.`id`, `django_content_type`.`app_label`, `django_content_type`.`model` FROM `django_content_type` WHERE (`django_content_type`.`app_label` = 'default' AND `django_content_type`.`model` = 'tipotelefone'); args=('default', 'tipotelefone')
(0.000) SELECT `django_content_type`.`id`, `django_content_type`.`app_label`, `django_content_type`.`model` FROM `django_content_type` WHERE (`django_content_type`.`app_label` = 'default' AND `django_content_type`.`model` = 'usuario'); args=('default', 'usuario')
(0.000) SELECT `django_content_type`.`id`, `django_content_type`.`app_label`, `django_content_type`.`model` FROM `django_content_type` WHERE (`django_content_type`.`app_label` = 'default' AND `django_content_type`.`model` = 'telefoneusuario'); args=('default', 'telefoneusuario')
(0.000) SELECT `django_content_type`.`id`, `django_content_type`.`app_label`, `django_content_type`.`model` FROM `django_content_type` WHERE (`django_content_type`.`app_label` = 'default' AND `django_content_type`.`model` = 'telefoneempresa'); args=('default', 'telefoneempresa')
(0.000) SELECT `django_content_type`.`id`, `django_content_type`.`app_label`, `django_content_type`.`model` FROM `django_content_type` WHERE (`django_content_type`.`app_label` = 'default' AND `django_content_type`.`model` = 'usuarioempresa'); args=('default', 'usuarioempresa')
(0.000) SELECT `django_content_type`.`id`, `django_content_type`.`app_label`, `django_content_type`.`model` FROM `django_content_type` WHERE (`django_content_type`.`app_label` = 'default' AND `django_content_type`.`model` = 'visao'); args=('default', 'visao')
(0.000) SELECT `django_content_type`.`id`, `django_content_type`.`app_label`, `django_content_type`.`model` FROM `django_content_type` WHERE (`django_content_type`.`app_label` = 'default' AND `django_content_type`.`model` = 'relacaoempresa'); args=('default', 'relacaoempresa')
(0.000) SELECT `django_content_type`.`id`, `django_content_type`.`app_label`, `django_content_type`.`model` FROM `django_content_type` WHERE (`django_content_type`.`app_label` = 'default' AND `django_content_type`.`model` = 'relacaousuario'); args=('default', 'relacaousuario')
(0.000) SELECT `django_content_type`.`id`, `django_content_type`.`app_label`, `django_content_type`.`model` FROM `django_content_type` WHERE (`django_content_type`.`app_label` = 'default' AND `django_content_type`.`model` = 'documento'); args=('default', 'documento')
(0.001) SELECT `auth_permission`.`content_type_id`, `auth_permission`.`codename` FROM `auth_permission` INNER JOIN `django_content_type` ON (`auth_permission`.`content_type_id` = `django_content_type`.`id`) WHERE `auth_permission`.`content_type_id` IN (6, 7, 8, 9, 10, 11, 12, 13, 14, 15, 16, 17, 18, 19, 20, 21, 22, 23, 24) ORDER BY `django_content_type`.`app_label` ASC, `django_content_type`.`model` ASC, `auth_permission`.`codename` ASC; args=(6, 7, 8, 9, 10, 11, 12, 13, 14, 15, 16, 17, 18, 19, 20, 21, 22, 23, 24)
(0.000) SELECT `django_content_type`.`id`, `django_content_type`.`app_label`, `django_content_type`.`model` FROM `django_content_type` WHERE `django_content_type`.`app_label` = 'default'; args=('default',)
(0.000) SELECT `django_content_type`.`id`, `django_content_type`.`app_label`, `django_content_type`.`model` FROM `django_content_type` WHERE (`django_content_type`.`app_label` = 'startup' AND `django_content_type`.`model` = 'historicalstartup'); args=('startup', 'historicalstartup')
(0.000) SELECT `django_content_type`.`id`, `django_content_type`.`app_label`, `django_content_type`.`model` FROM `django_content_type` WHERE (`django_content_type`.`app_label` = 'startup' AND `django_content_type`.`model` = 'historicalstartup'); args=('startup', 'historicalstartup')
(0.000) INSERT INTO `django_content_type` (`app_label`, `model`) VALUES ('startup', 'historicalstartup'); args=['startup', 'historicalstartup']
(0.000) SELECT `django_content_type`.`id`, `django_content_type`.`app_label`, `django_content_type`.`model` FROM `django_content_type` WHERE (`django_content_type`.`app_label` = 'startup' AND `django_content_type`.`model` = 'startup'); args=('startup', 'startup')
(0.000) SELECT `django_content_type`.`id`, `django_content_type`.`app_label`, `django_content_type`.`model` FROM `django_content_type` WHERE (`django_content_type`.`app_label` = 'startup' AND `django_content_type`.`model` = 'startup'); args=('startup', 'startup')
(0.000) INSERT INTO `django_content_type` (`app_label`, `model`) VALUES ('startup', 'startup'); args=['startup', 'startup']
(0.001) SELECT `auth_permission`.`content_type_id`, `auth_permission`.`codename` FROM `auth_permission` INNER JOIN `django_content_type` ON (`auth_permission`.`content_type_id` = `django_content_type`.`id`) WHERE `auth_permission`.`content_type_id` IN (61, 62) ORDER BY `django_content_type`.`app_label` ASC, `django_content_type`.`model` ASC, `auth_permission`.`codename` ASC; args=(61, 62)
(0.000) INSERT INTO `auth_permission` (`name`, `content_type_id`, `codename`) VALUES ('Can add historical startup', 61, 'add_historicalstartup'), ('Can change historical startup', 61, 'change_historicalstartup'), ('Can delete historical startup', 61, 'delete_historicalstartup'), ('Can add startup', 62, 'add_startup'), ('Can change startup', 62, 'change_startup'), ('Can delete startup', 62, 'delete_startup'); args=('Can add historical startup', 61, 'add_historicalstartup', 'Can change historical startup', 61, 'change_historicalstartup', 'Can delete historical startup', 61, 'delete_historicalstartup', 'Can add startup', 62, 'add_startup', 'Can change startup', 62, 'change_startup', 'Can delete startup', 62, 'delete_startup')
(0.000) SELECT `django_content_type`.`id`, `django_content_type`.`app_label`, `django_content_type`.`model` FROM `django_content_type` WHERE `django_content_type`.`app_label` = 'startup'; args=('startup',)
(0.000) SELECT `django_content_type`.`id`, `django_content_type`.`app_label`, `django_content_type`.`model` FROM `django_content_type` WHERE (`django_content_type`.`app_label` = 'employee' AND `django_content_type`.`model` = 'historicalfuncionario'); args=('employee', 'historicalfuncionario')
(0.000) SELECT `django_content_type`.`id`, `django_content_type`.`app_label`, `django_content_type`.`model` FROM `django_content_type` WHERE (`django_content_type`.`app_label` = 'employee' AND `django_content_type`.`model` = 'historicalfuncionario'); args=('employee', 'historicalfuncionario')
(0.000) INSERT INTO `django_content_type` (`app_label`, `model`) VALUES ('employee', 'historicalfuncionario'); args=['employee', 'historicalfuncionario']
(0.000) SELECT `django_content_type`.`id`, `django_content_type`.`app_label`, `django_content_type`.`model` FROM `django_content_type` WHERE (`django_content_type`.`app_label` = 'employee' AND `django_content_type`.`model` = 'funcionario'); args=('employee', 'funcionario')
(0.000) SELECT `django_content_type`.`id`, `django_content_type`.`app_label`, `django_content_type`.`model` FROM `django_content_type` WHERE (`django_content_type`.`app_label` = 'employee' AND `django_content_type`.`model` = 'funcionario'); args=('employee', 'funcionario')
(0.000) INSERT INTO `django_content_type` (`app_label`, `model`) VALUES ('employee', 'funcionario'); args=['employee', 'funcionario']
(0.000) SELECT `auth_permission`.`content_type_id`, `auth_permission`.`codename` FROM `auth_permission` INNER JOIN `django_content_type` ON (`auth_permission`.`content_type_id` = `django_content_type`.`id`) WHERE `auth_permission`.`content_type_id` IN (64, 63) ORDER BY `django_content_type`.`app_label` ASC, `django_content_type`.`model` ASC, `auth_permission`.`codename` ASC; args=(64, 63)
(0.000) INSERT INTO `auth_permission` (`name`, `content_type_id`, `codename`) VALUES ('Can add historical funcionario', 63, 'add_historicalfuncionario'), ('Can change historical funcionario', 63, 'change_historicalfuncionario'), ('Can delete historical funcionario', 63, 'delete_historicalfuncionario'), ('Can add funcionario', 64, 'add_funcionario'), ('Can change funcionario', 64, 'change_funcionario'), ('Can delete funcionario', 64, 'delete_funcionario'); args=('Can add historical funcionario', 63, 'add_historicalfuncionario', 'Can change historical funcionario', 63, 'change_historicalfuncionario', 'Can delete historical funcionario', 63, 'delete_historicalfuncionario', 'Can add funcionario', 64, 'add_funcionario', 'Can change funcionario', 64, 'change_funcionario', 'Can delete funcionario', 64, 'delete_funcionario')
(0.000) SELECT `django_content_type`.`id`, `django_content_type`.`app_label`, `django_content_type`.`model` FROM `django_content_type` WHERE `django_content_type`.`app_label` = 'employee'; args=('employee',)
(0.000) SET SQL_AUTO_IS_NULL = 0; args=None
(0.000) SET SQL_AUTO_IS_NULL = 0; args=None
(0.005) SHOW FULL TABLES; args=None
(0.001) SELECT `django_migrations`.`app`, `django_migrations`.`name` FROM `django_migrations`; args=()
(0.002) SHOW FULL TABLES; args=None
(0.000) SELECT `django_migrations`.`app`, `django_migrations`.`name` FROM `django_migrations`; args=()
(0.001) SELECT `frontend_module`.`id`, `frontend_module`.`label`, `frontend_module`.`installed` FROM `frontend_module` WHERE `frontend_module`.`label` = 'material_admin'; args=('material_admin',)
(0.001) SELECT (1) AS `a` FROM `frontend_module` WHERE NOT (`frontend_module`.`label` IN ('material_admin')) LIMIT 1; args=('material_admin',)
(0.000) SELECT `django_content_type`.`id`, `django_content_type`.`app_label`, `django_content_type`.`model` FROM `django_content_type` WHERE (`django_content_type`.`app_label` = 'frontend' AND `django_content_type`.`model` = 'module'); args=('frontend', 'module')
(0.001) SELECT `auth_permission`.`content_type_id`, `auth_permission`.`codename` FROM `auth_permission` INNER JOIN `django_content_type` ON (`auth_permission`.`content_type_id` = `django_content_type`.`id`) WHERE `auth_permission`.`content_type_id` IN (54) ORDER BY `django_content_type`.`app_label` ASC, `django_content_type`.`model` ASC, `auth_permission`.`codename` ASC; args=(54,)
(0.000) SELECT `django_content_type`.`id`, `django_content_type`.`app_label`, `django_content_type`.`model` FROM `django_content_type` WHERE `django_content_type`.`app_label` = 'frontend'; args=('frontend',)
(0.000) SELECT `django_content_type`.`id`, `django_content_type`.`app_label`, `django_content_type`.`model` FROM `django_content_type` WHERE (`django_content_type`.`app_label` = 'admin' AND `django_content_type`.`model` = 'logentry'); args=('admin', 'logentry')
(0.000) SELECT `auth_permission`.`content_type_id`, `auth_permission`.`codename` FROM `auth_permission` INNER JOIN `django_content_type` ON (`auth_permission`.`content_type_id` = `django_content_type`.`id`) WHERE `auth_permission`.`content_type_id` IN (1) ORDER BY `django_content_type`.`app_label` ASC, `django_content_type`.`model` ASC, `auth_permission`.`codename` ASC; args=(1,)
(0.000) SELECT `django_content_type`.`id`, `django_content_type`.`app_label`, `django_content_type`.`model` FROM `django_content_type` WHERE `django_content_type`.`app_label` = 'admin'; args=('admin',)
(0.000) SELECT `django_content_type`.`id`, `django_content_type`.`app_label`, `django_content_type`.`model` FROM `django_content_type` WHERE (`django_content_type`.`app_label` = 'auth' AND `django_content_type`.`model` = 'permission'); args=('auth', 'permission')
(0.000) SELECT `django_content_type`.`id`, `django_content_type`.`app_label`, `django_content_type`.`model` FROM `django_content_type` WHERE (`django_content_type`.`app_label` = 'auth' AND `django_content_type`.`model` = 'group'); args=('auth', 'group')
(0.000) SELECT `auth_permission`.`content_type_id`, `auth_permission`.`codename` FROM `auth_permission` INNER JOIN `django_content_type` ON (`auth_permission`.`content_type_id` = `django_content_type`.`id`) WHERE `auth_permission`.`content_type_id` IN (2, 3) ORDER BY `django_content_type`.`app_label` ASC, `django_content_type`.`model` ASC, `auth_permission`.`codename` ASC; args=(2, 3)
(0.000) SELECT `django_content_type`.`id`, `django_content_type`.`app_label`, `django_content_type`.`model` FROM `django_content_type` WHERE `django_content_type`.`app_label` = 'auth'; args=('auth',)
(0.000) SELECT `django_content_type`.`id`, `django_content_type`.`app_label`, `django_content_type`.`model` FROM `django_content_type` WHERE (`django_content_type`.`app_label` = 'sites' AND `django_content_type`.`model` = 'site'); args=('sites', 'site')
(0.001) SELECT `auth_permission`.`content_type_id`, `auth_permission`.`codename` FROM `auth_permission` INNER JOIN `django_content_type` ON (`auth_permission`.`content_type_id` = `django_content_type`.`id`) WHERE `auth_permission`.`content_type_id` IN (55) ORDER BY `django_content_type`.`app_label` ASC, `django_content_type`.`model` ASC, `auth_permission`.`codename` ASC; args=(55,)
(0.000) SELECT (1) AS `a` FROM `django_site` LIMIT 1; args=()
(0.000) SELECT `django_content_type`.`id`, `django_content_type`.`app_label`, `django_content_type`.`model` FROM `django_content_type` WHERE `django_content_type`.`app_label` = 'sites'; args=('sites',)
(0.000) SELECT `django_content_type`.`id`, `django_content_type`.`app_label`, `django_content_type`.`model` FROM `django_content_type` WHERE (`django_content_type`.`app_label` = 'contenttypes' AND `django_content_type`.`model` = 'contenttype'); args=('contenttypes', 'contenttype')
(0.000) SELECT `auth_permission`.`content_type_id`, `auth_permission`.`codename` FROM `auth_permission` INNER JOIN `django_content_type` ON (`auth_permission`.`content_type_id` = `django_content_type`.`id`) WHERE `auth_permission`.`content_type_id` IN (4) ORDER BY `django_content_type`.`app_label` ASC, `django_content_type`.`model` ASC, `auth_permission`.`codename` ASC; args=(4,)
(0.000) SELECT `django_content_type`.`id`, `django_content_type`.`app_label`, `django_content_type`.`model` FROM `django_content_type` WHERE `django_content_type`.`app_label` = 'contenttypes'; args=('contenttypes',)
(0.000) SELECT `django_content_type`.`id`, `django_content_type`.`app_label`, `django_content_type`.`model` FROM `django_content_type` WHERE (`django_content_type`.`app_label` = 'sessions' AND `django_content_type`.`model` = 'session'); args=('sessions', 'session')
(0.000) SELECT `auth_permission`.`content_type_id`, `auth_permission`.`codename` FROM `auth_permission` INNER JOIN `django_content_type` ON (`auth_permission`.`content_type_id` = `django_content_type`.`id`) WHERE `auth_permission`.`content_type_id` IN (5) ORDER BY `django_content_type`.`app_label` ASC, `django_content_type`.`model` ASC, `auth_permission`.`codename` ASC; args=(5,)
(0.000) SELECT `django_content_type`.`id`, `django_content_type`.`app_label`, `django_content_type`.`model` FROM `django_content_type` WHERE `django_content_type`.`app_label` = 'sessions'; args=('sessions',)
(0.000) SELECT `django_content_type`.`id`, `django_content_type`.`app_label`, `django_content_type`.`model` FROM `django_content_type` WHERE (`django_content_type`.`app_label` = 'account' AND `django_content_type`.`model` = 'emailaddress'); args=('account', 'emailaddress')
(0.000) SELECT `django_content_type`.`id`, `django_content_type`.`app_label`, `django_content_type`.`model` FROM `django_content_type` WHERE (`django_content_type`.`app_label` = 'account' AND `django_content_type`.`model` = 'emailconfirmation'); args=('account', 'emailconfirmation')
(0.000) SELECT `auth_permission`.`content_type_id`, `auth_permission`.`codename` FROM `auth_permission` INNER JOIN `django_content_type` ON (`auth_permission`.`content_type_id` = `django_content_type`.`id`) WHERE `auth_permission`.`content_type_id` IN (56, 57) ORDER BY `django_content_type`.`app_label` ASC, `django_content_type`.`model` ASC, `auth_permission`.`codename` ASC; args=(56, 57)
(0.000) SELECT `django_content_type`.`id`, `django_content_type`.`app_label`, `django_content_type`.`model` FROM `django_content_type` WHERE `django_content_type`.`app_label` = 'account'; args=('account',)
(0.000) SELECT `django_content_type`.`id`, `django_content_type`.`app_label`, `django_content_type`.`model` FROM `django_content_type` WHERE (`django_content_type`.`app_label` = 'socialaccount' AND `django_content_type`.`model` = 'socialapp'); args=('socialaccount', 'socialapp')
(0.000) SELECT `django_content_type`.`id`, `django_content_type`.`app_label`, `django_content_type`.`model` FROM `django_content_type` WHERE (`django_content_type`.`app_label` = 'socialaccount' AND `django_content_type`.`model` = 'socialaccount'); args=('socialaccount', 'socialaccount')
(0.000) SELECT `django_content_type`.`id`, `django_content_type`.`app_label`, `django_content_type`.`model` FROM `django_content_type` WHERE (`django_content_type`.`app_label` = 'socialaccount' AND `django_content_type`.`model` = 'socialtoken'); args=('socialaccount', 'socialtoken')
(0.000) SELECT `auth_permission`.`content_type_id`, `auth_permission`.`codename` FROM `auth_permission` INNER JOIN `django_content_type` ON (`auth_permission`.`content_type_id` = `django_content_type`.`id`) WHERE `auth_permission`.`content_type_id` IN (58, 59, 60) ORDER BY `django_content_type`.`app_label` ASC, `django_content_type`.`model` ASC, `auth_permission`.`codename` ASC; args=(58, 59, 60)
(0.000) SELECT `django_content_type`.`id`, `django_content_type`.`app_label`, `django_content_type`.`model` FROM `django_content_type` WHERE `django_content_type`.`app_label` = 'socialaccount'; args=('socialaccount',)
(0.000) SELECT `django_content_type`.`id`, `django_content_type`.`app_label`, `django_content_type`.`model` FROM `django_content_type` WHERE (`django_content_type`.`app_label` = 'default' AND `django_content_type`.`model` = 'projeto'); args=('default', 'projeto')
(0.000) SELECT `django_content_type`.`id`, `django_content_type`.`app_label`, `django_content_type`.`model` FROM `django_content_type` WHERE (`django_content_type`.`app_label` = 'default' AND `django_content_type`.`model` = 'genero'); args=('default', 'genero')
(0.000) SELECT `django_content_type`.`id`, `django_content_type`.`app_label`, `django_content_type`.`model` FROM `django_content_type` WHERE (`django_content_type`.`app_label` = 'default' AND `django_content_type`.`model` = 'logradouro'); args=('default', 'logradouro')
(0.000) SELECT `django_content_type`.`id`, `django_content_type`.`app_label`, `django_content_type`.`model` FROM `django_content_type` WHERE (`django_content_type`.`app_label` = 'default' AND `django_content_type`.`model` = 'endereco'); args=('default', 'endereco')
(0.000) SELECT `django_content_type`.`id`, `django_content_type`.`app_label`, `django_content_type`.`model` FROM `django_content_type` WHERE (`django_content_type`.`app_label` = 'default' AND `django_content_type`.`model` = 'tipoempresa'); args=('default', 'tipoempresa')
(0.001) SELECT `django_content_type`.`id`, `django_content_type`.`app_label`, `django_content_type`.`model` FROM `django_content_type` WHERE (`django_content_type`.`app_label` = 'default' AND `django_content_type`.`model` = 'empresa'); args=('default', 'empresa')
(0.000) SELECT `django_content_type`.`id`, `django_content_type`.`app_label`, `django_content_type`.`model` FROM `django_content_type` WHERE (`django_content_type`.`app_label` = 'default' AND `django_content_type`.`model` = 'tipousuario'); args=('default', 'tipousuario')
(0.000) SELECT `django_content_type`.`id`, `django_content_type`.`app_label`, `django_content_type`.`model` FROM `django_content_type` WHERE (`django_content_type`.`app_label` = 'default' AND `django_content_type`.`model` = 'tiporelacao'); args=('default', 'tiporelacao')
(0.000) SELECT `django_content_type`.`id`, `django_content_type`.`app_label`, `django_content_type`.`model` FROM `django_content_type` WHERE (`django_content_type`.`app_label` = 'default' AND `django_content_type`.`model` = 'tiporelacaoempresa'); args=('default', 'tiporelacaoempresa')
(0.000) SELECT `django_content_type`.`id`, `django_content_type`.`app_label`, `django_content_type`.`model` FROM `django_content_type` WHERE (`django_content_type`.`app_label` = 'default' AND `django_content_type`.`model` = 'tipodocumento'); args=('default', 'tipodocumento')
(0.000) SELECT `django_content_type`.`id`, `django_content_type`.`app_label`, `django_content_type`.`model` FROM `django_content_type` WHERE (`django_content_type`.`app_label` = 'default' AND `django_content_type`.`model` = 'tipotelefone'); args=('default', 'tipotelefone')
(0.000) SELECT `django_content_type`.`id`, `django_content_type`.`app_label`, `django_content_type`.`model` FROM `django_content_type` WHERE (`django_content_type`.`app_label` = 'default' AND `django_content_type`.`model` = 'usuario'); args=('default', 'usuario')
(0.000) SELECT `django_content_type`.`id`, `django_content_type`.`app_label`, `django_content_type`.`model` FROM `django_content_type` WHERE (`django_content_type`.`app_label` = 'default' AND `django_content_type`.`model` = 'telefoneusuario'); args=('default', 'telefoneusuario')
(0.000) SELECT `django_content_type`.`id`, `django_content_type`.`app_label`, `django_content_type`.`model` FROM `django_content_type` WHERE (`django_content_type`.`app_label` = 'default' AND `django_content_type`.`model` = 'telefoneempresa'); args=('default', 'telefoneempresa')
(0.000) SELECT `django_content_type`.`id`, `django_content_type`.`app_label`, `django_content_type`.`model` FROM `django_content_type` WHERE (`django_content_type`.`app_label` = 'default' AND `django_content_type`.`model` = 'usuarioempresa'); args=('default', 'usuarioempresa')
(0.000) SELECT `django_content_type`.`id`, `django_content_type`.`app_label`, `django_content_type`.`model` FROM `django_content_type` WHERE (`django_content_type`.`app_label` = 'default' AND `django_content_type`.`model` = 'visao'); args=('default', 'visao')
(0.000) SELECT `django_content_type`.`id`, `django_content_type`.`app_label`, `django_content_type`.`model` FROM `django_content_type` WHERE (`django_content_type`.`app_label` = 'default' AND `django_content_type`.`model` = 'relacaoempresa'); args=('default', 'relacaoempresa')
(0.000) SELECT `django_content_type`.`id`, `django_content_type`.`app_label`, `django_content_type`.`model` FROM `django_content_type` WHERE (`django_content_type`.`app_label` = 'default' AND `django_content_type`.`model` = 'relacaousuario'); args=('default', 'relacaousuario')
(0.000) SELECT `django_content_type`.`id`, `django_content_type`.`app_label`, `django_content_type`.`model` FROM `django_content_type` WHERE (`django_content_type`.`app_label` = 'default' AND `django_content_type`.`model` = 'documento'); args=('default', 'documento')
(0.001) SELECT `auth_permission`.`content_type_id`, `auth_permission`.`codename` FROM `auth_permission` INNER JOIN `django_content_type` ON (`auth_permission`.`content_type_id` = `django_content_type`.`id`) WHERE `auth_permission`.`content_type_id` IN (6, 7, 8, 9, 10, 11, 12, 13, 14, 15, 16, 17, 18, 19, 20, 21, 22, 23, 24) ORDER BY `django_content_type`.`app_label` ASC, `django_content_type`.`model` ASC, `auth_permission`.`codename` ASC; args=(6, 7, 8, 9, 10, 11, 12, 13, 14, 15, 16, 17, 18, 19, 20, 21, 22, 23, 24)
(0.000) SELECT `django_content_type`.`id`, `django_content_type`.`app_label`, `django_content_type`.`model` FROM `django_content_type` WHERE `django_content_type`.`app_label` = 'default'; args=('default',)
(0.000) SELECT `django_content_type`.`id`, `django_content_type`.`app_label`, `django_content_type`.`model` FROM `django_content_type` WHERE (`django_content_type`.`app_label` = 'startup' AND `django_content_type`.`model` = 'historicalstartup'); args=('startup', 'historicalstartup')
(0.000) SELECT `django_content_type`.`id`, `django_content_type`.`app_label`, `django_content_type`.`model` FROM `django_content_type` WHERE (`django_content_type`.`app_label` = 'startup' AND `django_content_type`.`model` = 'startup'); args=('startup', 'startup')
(0.001) SELECT `auth_permission`.`content_type_id`, `auth_permission`.`codename` FROM `auth_permission` INNER JOIN `django_content_type` ON (`auth_permission`.`content_type_id` = `django_content_type`.`id`) WHERE `auth_permission`.`content_type_id` IN (61, 62) ORDER BY `django_content_type`.`app_label` ASC, `django_content_type`.`model` ASC, `auth_permission`.`codename` ASC; args=(61, 62)
(0.000) SELECT `django_content_type`.`id`, `django_content_type`.`app_label`, `django_content_type`.`model` FROM `django_content_type` WHERE `django_content_type`.`app_label` = 'startup'; args=('startup',)
(0.000) SELECT `django_content_type`.`id`, `django_content_type`.`app_label`, `django_content_type`.`model` FROM `django_content_type` WHERE (`django_content_type`.`app_label` = 'employee' AND `django_content_type`.`model` = 'historicalfuncionario'); args=('employee', 'historicalfuncionario')
(0.000) SELECT `django_content_type`.`id`, `django_content_type`.`app_label`, `django_content_type`.`model` FROM `django_content_type` WHERE (`django_content_type`.`app_label` = 'employee' AND `django_content_type`.`model` = 'funcionario'); args=('employee', 'funcionario')
(0.000) SELECT `auth_permission`.`content_type_id`, `auth_permission`.`codename` FROM `auth_permission` INNER JOIN `django_content_type` ON (`auth_permission`.`content_type_id` = `django_content_type`.`id`) WHERE `auth_permission`.`content_type_id` IN (64, 63) ORDER BY `django_content_type`.`app_label` ASC, `django_content_type`.`model` ASC, `auth_permission`.`codename` ASC; args=(64, 63)
(0.000) SELECT `django_content_type`.`id`, `django_content_type`.`app_label`, `django_content_type`.`model` FROM `django_content_type` WHERE `django_content_type`.`app_label` = 'employee'; args=('employee',)
(0.000) SET SQL_AUTO_IS_NULL = 0; args=None
(0.000) SET SQL_AUTO_IS_NULL = 0; args=None
(0.041) SHOW FULL TABLES; args=None
(0.001) SELECT `django_migrations`.`app`, `django_migrations`.`name` FROM `django_migrations`; args=()
(0.002) SHOW FULL TABLES; args=None
(0.000) SELECT `django_migrations`.`app`, `django_migrations`.`name` FROM `django_migrations`; args=()
(0.001) SELECT `frontend_module`.`id`, `frontend_module`.`label`, `frontend_module`.`installed` FROM `frontend_module` WHERE `frontend_module`.`label` = 'material_admin'; args=('material_admin',)
(0.000) SELECT (1) AS `a` FROM `frontend_module` WHERE NOT (`frontend_module`.`label` IN ('material_admin')) LIMIT 1; args=('material_admin',)
(0.000) SELECT `django_content_type`.`id`, `django_content_type`.`app_label`, `django_content_type`.`model` FROM `django_content_type` WHERE (`django_content_type`.`app_label` = 'frontend' AND `django_content_type`.`model` = 'module'); args=('frontend', 'module')
(0.000) SELECT `auth_permission`.`content_type_id`, `auth_permission`.`codename` FROM `auth_permission` INNER JOIN `django_content_type` ON (`auth_permission`.`content_type_id` = `django_content_type`.`id`) WHERE `auth_permission`.`content_type_id` IN (54) ORDER BY `django_content_type`.`app_label` ASC, `django_content_type`.`model` ASC, `auth_permission`.`codename` ASC; args=(54,)
(0.000) SELECT `django_content_type`.`id`, `django_content_type`.`app_label`, `django_content_type`.`model` FROM `django_content_type` WHERE `django_content_type`.`app_label` = 'frontend'; args=('frontend',)
(0.000) SELECT `django_content_type`.`id`, `django_content_type`.`app_label`, `django_content_type`.`model` FROM `django_content_type` WHERE (`django_content_type`.`app_label` = 'admin' AND `django_content_type`.`model` = 'logentry'); args=('admin', 'logentry')
(0.000) SELECT `auth_permission`.`content_type_id`, `auth_permission`.`codename` FROM `auth_permission` INNER JOIN `django_content_type` ON (`auth_permission`.`content_type_id` = `django_content_type`.`id`) WHERE `auth_permission`.`content_type_id` IN (1) ORDER BY `django_content_type`.`app_label` ASC, `django_content_type`.`model` ASC, `auth_permission`.`codename` ASC; args=(1,)
(0.000) SELECT `django_content_type`.`id`, `django_content_type`.`app_label`, `django_content_type`.`model` FROM `django_content_type` WHERE `django_content_type`.`app_label` = 'admin'; args=('admin',)
(0.000) SELECT `django_content_type`.`id`, `django_content_type`.`app_label`, `django_content_type`.`model` FROM `django_content_type` WHERE (`django_content_type`.`app_label` = 'auth' AND `django_content_type`.`model` = 'permission'); args=('auth', 'permission')
(0.000) SELECT `django_content_type`.`id`, `django_content_type`.`app_label`, `django_content_type`.`model` FROM `django_content_type` WHERE (`django_content_type`.`app_label` = 'auth' AND `django_content_type`.`model` = 'group'); args=('auth', 'group')
(0.000) SELECT `auth_permission`.`content_type_id`, `auth_permission`.`codename` FROM `auth_permission` INNER JOIN `django_content_type` ON (`auth_permission`.`content_type_id` = `django_content_type`.`id`) WHERE `auth_permission`.`content_type_id` IN (2, 3) ORDER BY `django_content_type`.`app_label` ASC, `django_content_type`.`model` ASC, `auth_permission`.`codename` ASC; args=(2, 3)
(0.000) SELECT `django_content_type`.`id`, `django_content_type`.`app_label`, `django_content_type`.`model` FROM `django_content_type` WHERE `django_content_type`.`app_label` = 'auth'; args=('auth',)
(0.000) SELECT `django_content_type`.`id`, `django_content_type`.`app_label`, `django_content_type`.`model` FROM `django_content_type` WHERE (`django_content_type`.`app_label` = 'sites' AND `django_content_type`.`model` = 'site'); args=('sites', 'site')
(0.000) SELECT `auth_permission`.`content_type_id`, `auth_permission`.`codename` FROM `auth_permission` INNER JOIN `django_content_type` ON (`auth_permission`.`content_type_id` = `django_content_type`.`id`) WHERE `auth_permission`.`content_type_id` IN (55) ORDER BY `django_content_type`.`app_label` ASC, `django_content_type`.`model` ASC, `auth_permission`.`codename` ASC; args=(55,)
(0.000) SELECT (1) AS `a` FROM `django_site` LIMIT 1; args=()
(0.000) SELECT `django_content_type`.`id`, `django_content_type`.`app_label`, `django_content_type`.`model` FROM `django_content_type` WHERE `django_content_type`.`app_label` = 'sites'; args=('sites',)
(0.000) SELECT `django_content_type`.`id`, `django_content_type`.`app_label`, `django_content_type`.`model` FROM `django_content_type` WHERE (`django_content_type`.`app_label` = 'contenttypes' AND `django_content_type`.`model` = 'contenttype'); args=('contenttypes', 'contenttype')
(0.000) SELECT `auth_permission`.`content_type_id`, `auth_permission`.`codename` FROM `auth_permission` INNER JOIN `django_content_type` ON (`auth_permission`.`content_type_id` = `django_content_type`.`id`) WHERE `auth_permission`.`content_type_id` IN (4) ORDER BY `django_content_type`.`app_label` ASC, `django_content_type`.`model` ASC, `auth_permission`.`codename` ASC; args=(4,)
(0.000) SELECT `django_content_type`.`id`, `django_content_type`.`app_label`, `django_content_type`.`model` FROM `django_content_type` WHERE `django_content_type`.`app_label` = 'contenttypes'; args=('contenttypes',)
(0.000) SELECT `django_content_type`.`id`, `django_content_type`.`app_label`, `django_content_type`.`model` FROM `django_content_type` WHERE (`django_content_type`.`app_label` = 'sessions' AND `django_content_type`.`model` = 'session'); args=('sessions', 'session')
(0.000) SELECT `auth_permission`.`content_type_id`, `auth_permission`.`codename` FROM `auth_permission` INNER JOIN `django_content_type` ON (`auth_permission`.`content_type_id` = `django_content_type`.`id`) WHERE `auth_permission`.`content_type_id` IN (5) ORDER BY `django_content_type`.`app_label` ASC, `django_content_type`.`model` ASC, `auth_permission`.`codename` ASC; args=(5,)
(0.000) SELECT `django_content_type`.`id`, `django_content_type`.`app_label`, `django_content_type`.`model` FROM `django_content_type` WHERE `django_content_type`.`app_label` = 'sessions'; args=('sessions',)
(0.000) SELECT `django_content_type`.`id`, `django_content_type`.`app_label`, `django_content_type`.`model` FROM `django_content_type` WHERE (`django_content_type`.`app_label` = 'account' AND `django_content_type`.`model` = 'emailaddress'); args=('account', 'emailaddress')
(0.000) SELECT `django_content_type`.`id`, `django_content_type`.`app_label`, `django_content_type`.`model` FROM `django_content_type` WHERE (`django_content_type`.`app_label` = 'account' AND `django_content_type`.`model` = 'emailconfirmation'); args=('account', 'emailconfirmation')
(0.000) SELECT `auth_permission`.`content_type_id`, `auth_permission`.`codename` FROM `auth_permission` INNER JOIN `django_content_type` ON (`auth_permission`.`content_type_id` = `django_content_type`.`id`) WHERE `auth_permission`.`content_type_id` IN (56, 57) ORDER BY `django_content_type`.`app_label` ASC, `django_content_type`.`model` ASC, `auth_permission`.`codename` ASC; args=(56, 57)
(0.000) SELECT `django_content_type`.`id`, `django_content_type`.`app_label`, `django_content_type`.`model` FROM `django_content_type` WHERE `django_content_type`.`app_label` = 'account'; args=('account',)
(0.000) SELECT `django_content_type`.`id`, `django_content_type`.`app_label`, `django_content_type`.`model` FROM `django_content_type` WHERE (`django_content_type`.`app_label` = 'socialaccount' AND `django_content_type`.`model` = 'socialapp'); args=('socialaccount', 'socialapp')
(0.000) SELECT `django_content_type`.`id`, `django_content_type`.`app_label`, `django_content_type`.`model` FROM `django_content_type` WHERE (`django_content_type`.`app_label` = 'socialaccount' AND `django_content_type`.`model` = 'socialaccount'); args=('socialaccount', 'socialaccount')
(0.000) SELECT `django_content_type`.`id`, `django_content_type`.`app_label`, `django_content_type`.`model` FROM `django_content_type` WHERE (`django_content_type`.`app_label` = 'socialaccount' AND `django_content_type`.`model` = 'socialtoken'); args=('socialaccount', 'socialtoken')
(0.000) SELECT `auth_permission`.`content_type_id`, `auth_permission`.`codename` FROM `auth_permission` INNER JOIN `django_content_type` ON (`auth_permission`.`content_type_id` = `django_content_type`.`id`) WHERE `auth_permission`.`content_type_id` IN (58, 59, 60) ORDER BY `django_content_type`.`app_label` ASC, `django_content_type`.`model` ASC, `auth_permission`.`codename` ASC; args=(58, 59, 60)
(0.000) SELECT `django_content_type`.`id`, `django_content_type`.`app_label`, `django_content_type`.`model` FROM `django_content_type` WHERE `django_content_type`.`app_label` = 'socialaccount'; args=('socialaccount',)
(0.000) SELECT `django_content_type`.`id`, `django_content_type`.`app_label`, `django_content_type`.`model` FROM `django_content_type` WHERE (`django_content_type`.`app_label` = 'default' AND `django_content_type`.`model` = 'projeto'); args=('default', 'projeto')
(0.000) SELECT `django_content_type`.`id`, `django_content_type`.`app_label`, `django_content_type`.`model` FROM `django_content_type` WHERE (`django_content_type`.`app_label` = 'default' AND `django_content_type`.`model` = 'genero'); args=('default', 'genero')
(0.000) SELECT `django_content_type`.`id`, `django_content_type`.`app_label`, `django_content_type`.`model` FROM `django_content_type` WHERE (`django_content_type`.`app_label` = 'default' AND `django_content_type`.`model` = 'logradouro'); args=('default', 'logradouro')
(0.000) SELECT `django_content_type`.`id`, `django_content_type`.`app_label`, `django_content_type`.`model` FROM `django_content_type` WHERE (`django_content_type`.`app_label` = 'default' AND `django_content_type`.`model` = 'endereco'); args=('default', 'endereco')
(0.000) SELECT `django_content_type`.`id`, `django_content_type`.`app_label`, `django_content_type`.`model` FROM `django_content_type` WHERE (`django_content_type`.`app_label` = 'default' AND `django_content_type`.`model` = 'tipoempresa'); args=('default', 'tipoempresa')
(0.000) SELECT `django_content_type`.`id`, `django_content_type`.`app_label`, `django_content_type`.`model` FROM `django_content_type` WHERE (`django_content_type`.`app_label` = 'default' AND `django_content_type`.`model` = 'empresa'); args=('default', 'empresa')
(0.000) SELECT `django_content_type`.`id`, `django_content_type`.`app_label`, `django_content_type`.`model` FROM `django_content_type` WHERE (`django_content_type`.`app_label` = 'default' AND `django_content_type`.`model` = 'tipousuario'); args=('default', 'tipousuario')
(0.000) SELECT `django_content_type`.`id`, `django_content_type`.`app_label`, `django_content_type`.`model` FROM `django_content_type` WHERE (`django_content_type`.`app_label` = 'default' AND `django_content_type`.`model` = 'tiporelacao'); args=('default', 'tiporelacao')
(0.000) SELECT `django_content_type`.`id`, `django_content_type`.`app_label`, `django_content_type`.`model` FROM `django_content_type` WHERE (`django_content_type`.`app_label` = 'default' AND `django_content_type`.`model` = 'tiporelacaoempresa'); args=('default', 'tiporelacaoempresa')
(0.000) SELECT `django_content_type`.`id`, `django_content_type`.`app_label`, `django_content_type`.`model` FROM `django_content_type` WHERE (`django_content_type`.`app_label` = 'default' AND `django_content_type`.`model` = 'tipodocumento'); args=('default', 'tipodocumento')
(0.000) SELECT `django_content_type`.`id`, `django_content_type`.`app_label`, `django_content_type`.`model` FROM `django_content_type` WHERE (`django_content_type`.`app_label` = 'default' AND `django_content_type`.`model` = 'tipotelefone'); args=('default', 'tipotelefone')
(0.000) SELECT `django_content_type`.`id`, `django_content_type`.`app_label`, `django_content_type`.`model` FROM `django_content_type` WHERE (`django_content_type`.`app_label` = 'default' AND `django_content_type`.`model` = 'usuario'); args=('default', 'usuario')
(0.000) SELECT `django_content_type`.`id`, `django_content_type`.`app_label`, `django_content_type`.`model` FROM `django_content_type` WHERE (`django_content_type`.`app_label` = 'default' AND `django_content_type`.`model` = 'telefoneusuario'); args=('default', 'telefoneusuario')
(0.000) SELECT `django_content_type`.`id`, `django_content_type`.`app_label`, `django_content_type`.`model` FROM `django_content_type` WHERE (`django_content_type`.`app_label` = 'default' AND `django_content_type`.`model` = 'telefoneempresa'); args=('default', 'telefoneempresa')
(0.000) SELECT `django_content_type`.`id`, `django_content_type`.`app_label`, `django_content_type`.`model` FROM `django_content_type` WHERE (`django_content_type`.`app_label` = 'default' AND `django_content_type`.`model` = 'usuarioempresa'); args=('default', 'usuarioempresa')
(0.000) SELECT `django_content_type`.`id`, `django_content_type`.`app_label`, `django_content_type`.`model` FROM `django_content_type` WHERE (`django_content_type`.`app_label` = 'default' AND `django_content_type`.`model` = 'visao'); args=('default', 'visao')
(0.000) SELECT `django_content_type`.`id`, `django_content_type`.`app_label`, `django_content_type`.`model` FROM `django_content_type` WHERE (`django_content_type`.`app_label` = 'default' AND `django_content_type`.`model` = 'relacaoempresa'); args=('default', 'relacaoempresa')
(0.000) SELECT `django_content_type`.`id`, `django_content_type`.`app_label`, `django_content_type`.`model` FROM `django_content_type` WHERE (`django_content_type`.`app_label` = 'default' AND `django_content_type`.`model` = 'relacaousuario'); args=('default', 'relacaousuario')
(0.000) SELECT `django_content_type`.`id`, `django_content_type`.`app_label`, `django_content_type`.`model` FROM `django_content_type` WHERE (`django_content_type`.`app_label` = 'default' AND `django_content_type`.`model` = 'documento'); args=('default', 'documento')
(0.001) SELECT `auth_permission`.`content_type_id`, `auth_permission`.`codename` FROM `auth_permission` INNER JOIN `django_content_type` ON (`auth_permission`.`content_type_id` = `django_content_type`.`id`) WHERE `auth_permission`.`content_type_id` IN (6, 7, 8, 9, 10, 11, 12, 13, 14, 15, 16, 17, 18, 19, 20, 21, 22, 23, 24) ORDER BY `django_content_type`.`app_label` ASC, `django_content_type`.`model` ASC, `auth_permission`.`codename` ASC; args=(6, 7, 8, 9, 10, 11, 12, 13, 14, 15, 16, 17, 18, 19, 20, 21, 22, 23, 24)
(0.000) SELECT `django_content_type`.`id`, `django_content_type`.`app_label`, `django_content_type`.`model` FROM `django_content_type` WHERE `django_content_type`.`app_label` = 'default'; args=('default',)
(0.000) SELECT `django_content_type`.`id`, `django_content_type`.`app_label`, `django_content_type`.`model` FROM `django_content_type` WHERE (`django_content_type`.`app_label` = 'startup' AND `django_content_type`.`model` = 'historicalstartup'); args=('startup', 'historicalstartup')
(0.000) SELECT `django_content_type`.`id`, `django_content_type`.`app_label`, `django_content_type`.`model` FROM `django_content_type` WHERE (`django_content_type`.`app_label` = 'startup' AND `django_content_type`.`model` = 'startup'); args=('startup', 'startup')
(0.001) SELECT `auth_permission`.`content_type_id`, `auth_permission`.`codename` FROM `auth_permission` INNER JOIN `django_content_type` ON (`auth_permission`.`content_type_id` = `django_content_type`.`id`) WHERE `auth_permission`.`content_type_id` IN (61, 62) ORDER BY `django_content_type`.`app_label` ASC, `django_content_type`.`model` ASC, `auth_permission`.`codename` ASC; args=(61, 62)
(0.000) SELECT `django_content_type`.`id`, `django_content_type`.`app_label`, `django_content_type`.`model` FROM `django_content_type` WHERE `django_content_type`.`app_label` = 'startup'; args=('startup',)
(0.000) SELECT `django_content_type`.`id`, `django_content_type`.`app_label`, `django_content_type`.`model` FROM `django_content_type` WHERE (`django_content_type`.`app_label` = 'employee' AND `django_content_type`.`model` = 'historicalfuncionario'); args=('employee', 'historicalfuncionario')
(0.000) SELECT `django_content_type`.`id`, `django_content_type`.`app_label`, `django_content_type`.`model` FROM `django_content_type` WHERE (`django_content_type`.`app_label` = 'employee' AND `django_content_type`.`model` = 'funcionario'); args=('employee', 'funcionario')
(0.000) SELECT `auth_permission`.`content_type_id`, `auth_permission`.`codename` FROM `auth_permission` INNER JOIN `django_content_type` ON (`auth_permission`.`content_type_id` = `django_content_type`.`id`) WHERE `auth_permission`.`content_type_id` IN (64, 63) ORDER BY `django_content_type`.`app_label` ASC, `django_content_type`.`model` ASC, `auth_permission`.`codename` ASC; args=(64, 63)
(0.000) SELECT `django_content_type`.`id`, `django_content_type`.`app_label`, `django_content_type`.`model` FROM `django_content_type` WHERE `django_content_type`.`app_label` = 'employee'; args=('employee',)
